The system is: Darwin - 20.0.0 - x86_64
Compiling the C compiler identification source file "CMakeCCompilerId.c" succeeded.
Compiler: /Users/gravescn/opt/anaconda3/bin/clang 
Build flags: -march=core2;-mtune=haswell;-mssse3;-ftree-vectorize;-fPIC;-fPIE;-fstack-protector-strong;-O2;-pipe
Id flags:  

The output was:
0


Compilation of the C compiler identification source "CMakeCCompilerId.c" produced "a.out"

The C compiler identification is Clang, found in "/Users/gravescn/Desktop/GS/Coding Projects/VE482-Intro-to-Operating-Systems/project/p1/cmake-build-debug/CMakeFiles/3.16.5/CompilerIdC/a.out"

Determining if the C compiler works passed with the following output:
Change Dir: /Users/gravescn/Desktop/GS/Coding Projects/VE482-Intro-to-Operating-Systems/project/p1/cmake-build-debug/CMakeFiles/CMakeTmp

Run Build Command(s):/Users/gravescn/opt/anaconda3/bin/make cmTC_ec8c0/fast && /Users/gravescn/opt/anaconda3/bin/make -f CMakeFiles/cmTC_ec8c0.dir/build.make CMakeFiles/cmTC_ec8c0.dir/build
make[1]: Entering directory '/Users/gravescn/Desktop/GS/Coding Projects/VE482-Intro-to-Operating-Systems/project/p1/cmake-build-debug/CMakeFiles/CMakeTmp'
Building C object CMakeFiles/cmTC_ec8c0.dir/testCCompiler.c.o
/Users/gravescn/opt/anaconda3/bin/clang   -march=core2 -mtune=haswell -mssse3 -ftree-vectorize -fPIC -fPIE -fstack-protector-strong -O2 -pipe  -isysroot /Applications/Xcode.app/Contents/Developer/Platforms/MacOSX.platform/Developer/SDKs/MacOSX10.15.sdk   -o CMakeFiles/cmTC_ec8c0.dir/testCCompiler.c.o   -c "/Users/gravescn/Desktop/GS/Coding Projects/VE482-Intro-to-Operating-Systems/project/p1/cmake-build-debug/CMakeFiles/CMakeTmp/testCCompiler.c"
Linking C executable cmTC_ec8c0
/Applications/CLion.app/Contents/bin/cmake/mac/bin/cmake -E cmake_link_script CMakeFiles/cmTC_ec8c0.dir/link.txt --verbose=1
/Users/gravescn/opt/anaconda3/bin/clang -march=core2 -mtune=haswell -mssse3 -ftree-vectorize -fPIC -fPIE -fstack-protector-strong -O2 -pipe  -isysroot /Applications/Xcode.app/Contents/Developer/Platforms/MacOSX.platform/Developer/SDKs/MacOSX10.15.sdk -Wl,-search_paths_first -Wl,-headerpad_max_install_names -Wl,-pie -Wl,-headerpad_max_install_names -Wl,-dead_strip_dylibs  CMakeFiles/cmTC_ec8c0.dir/testCCompiler.c.o  -o cmTC_ec8c0 
make[1]: Leaving directory '/Users/gravescn/Desktop/GS/Coding Projects/VE482-Intro-to-Operating-Systems/project/p1/cmake-build-debug/CMakeFiles/CMakeTmp'



Detecting C compiler ABI info compiled with the following output:
Change Dir: /Users/gravescn/Desktop/GS/Coding Projects/VE482-Intro-to-Operating-Systems/project/p1/cmake-build-debug/CMakeFiles/CMakeTmp

Run Build Command(s):/Users/gravescn/opt/anaconda3/bin/make cmTC_bb2a1/fast && /Users/gravescn/opt/anaconda3/bin/make -f CMakeFiles/cmTC_bb2a1.dir/build.make CMakeFiles/cmTC_bb2a1.dir/build
make[1]: Entering directory '/Users/gravescn/Desktop/GS/Coding Projects/VE482-Intro-to-Operating-Systems/project/p1/cmake-build-debug/CMakeFiles/CMakeTmp'
Building C object CMakeFiles/cmTC_bb2a1.dir/CMakeCCompilerABI.c.o
/Users/gravescn/opt/anaconda3/bin/clang   -march=core2 -mtune=haswell -mssse3 -ftree-vectorize -fPIC -fPIE -fstack-protector-strong -O2 -pipe  -isysroot /Applications/Xcode.app/Contents/Developer/Platforms/MacOSX.platform/Developer/SDKs/MacOSX10.15.sdk   -v -Wl,-v -o CMakeFiles/cmTC_bb2a1.dir/CMakeCCompilerABI.c.o   -c /Applications/CLion.app/Contents/bin/cmake/mac/share/cmake-3.16/Modules/CMakeCCompilerABI.c
clang version 4.0.1 (tags/RELEASE_401/final)
Target: x86_64-apple-darwin20.0.0
Thread model: posix
InstalledDir: /Users/gravescn/opt/anaconda3/bin
clang-4.0: warning: -Wl,-v: 'linker' input unused [-Wunused-command-line-argument]
 "/Users/gravescn/opt/anaconda3/bin/clang-4.0" -cc1 -triple x86_64-apple-macosx10.15.0 -Wdeprecated-objc-isa-usage -Werror=deprecated-objc-isa-usage -emit-obj -disable-free -disable-llvm-verifier -discard-value-names -main-file-name CMakeCCompilerABI.c -mrelocation-model pic -pic-level 2 -mthread-model posix -mdisable-fp-elim -masm-verbose -munwind-tables -target-cpu core2 -target-feature +ssse3 -target-linker-version 241.9 -v -dwarf-column-info -debugger-tuning=lldb -coverage-notes-file /Users/gravescn/Desktop/GS/Coding Projects/VE482-Intro-to-Operating-Systems/project/p1/cmake-build-debug/CMakeFiles/CMakeTmp/CMakeFiles/cmTC_bb2a1.dir/CMakeCCompilerABI.c.gcno -resource-dir /Users/gravescn/opt/anaconda3/bin/../lib/clang/4.0.1 -isysroot /Applications/Xcode.app/Contents/Developer/Platforms/MacOSX.platform/Developer/SDKs/MacOSX10.15.sdk -O2 -fdebug-compilation-dir /Users/gravescn/Desktop/GS/Coding Projects/VE482-Intro-to-Operating-Systems/project/p1/cmake-build-debug/CMakeFiles/CMakeTmp -ferror-limit 19 -fmessage-length 0 -stack-protector 2 -fblocks -fobjc-runtime=macosx-10.15.0 -fencode-extended-block-signature -fmax-type-align=16 -fdiagnostics-show-option -vectorize-loops -vectorize-slp -o CMakeFiles/cmTC_bb2a1.dir/CMakeCCompilerABI.c.o -x c /Applications/CLion.app/Contents/bin/cmake/mac/share/cmake-3.16/Modules/CMakeCCompilerABI.c
clang -cc1 version 4.0.1 based upon LLVM 4.0.1 default target x86_64-apple-darwin20.0.0
ignoring nonexistent directory "/Applications/Xcode.app/Contents/Developer/Platforms/MacOSX.platform/Developer/SDKs/MacOSX10.15.sdk/Library/Frameworks"
#include "..." search starts here:
#include <...> search starts here:
 /Users/gravescn/opt/anaconda3/bin/../lib/clang/4.0.1/include
 /Applications/Xcode.app/Contents/Developer/Platforms/MacOSX.platform/Developer/SDKs/MacOSX10.15.sdk/usr/include
 /Applications/Xcode.app/Contents/Developer/Platforms/MacOSX.platform/Developer/SDKs/MacOSX10.15.sdk/System/Library/Frameworks (framework directory)
End of search list.
Linking C executable cmTC_bb2a1
/Applications/CLion.app/Contents/bin/cmake/mac/bin/cmake -E cmake_link_script CMakeFiles/cmTC_bb2a1.dir/link.txt --verbose=1
/Users/gravescn/opt/anaconda3/bin/clang -march=core2 -mtune=haswell -mssse3 -ftree-vectorize -fPIC -fPIE -fstack-protector-strong -O2 -pipe  -isysroot /Applications/Xcode.app/Contents/Developer/Platforms/MacOSX.platform/Developer/SDKs/MacOSX10.15.sdk -Wl,-search_paths_first -Wl,-headerpad_max_install_names -Wl,-pie -Wl,-headerpad_max_install_names -Wl,-dead_strip_dylibs -v -Wl,-v CMakeFiles/cmTC_bb2a1.dir/CMakeCCompilerABI.c.o  -o cmTC_bb2a1 
clang version 4.0.1 (tags/RELEASE_401/final)
Target: x86_64-apple-darwin20.0.0
Thread model: posix
InstalledDir: /Users/gravescn/opt/anaconda3/bin
 "/usr/bin/ld" -demangle -lto_library /Users/gravescn/opt/anaconda3/lib/libLTO.dylib -dynamic -arch x86_64 -macosx_version_min 10.15.0 -pie -syslibroot /Applications/Xcode.app/Contents/Developer/Platforms/MacOSX.platform/Developer/SDKs/MacOSX.sdk -o cmTC_bb2a1 -search_paths_first -headerpad_max_install_names -pie -headerpad_max_install_names -dead_strip_dylibs -v CMakeFiles/cmTC_bb2a1.dir/CMakeCCompilerABI.c.o -lSystem /Users/gravescn/opt/anaconda3/bin/../lib/clang/4.0.1/lib/darwin/libclang_rt.osx.a
@(#)PROGRAM:ld  PROJECT:ld64-556.6
BUILD 18:54:40 Jun  2 2020
configured to support archs: armv6 armv7 armv7s arm64 arm64e arm64_32 i386 x86_64 x86_64h armv6m armv7k armv7m armv7em
Library search paths:
	/Applications/Xcode.app/Contents/Developer/Platforms/MacOSX.platform/Developer/SDKs/MacOSX.sdk/usr/lib
Framework search paths:
	/Applications/Xcode.app/Contents/Developer/Platforms/MacOSX.platform/Developer/SDKs/MacOSX.sdk/System/Library/Frameworks/
make[1]: Leaving directory '/Users/gravescn/Desktop/GS/Coding Projects/VE482-Intro-to-Operating-Systems/project/p1/cmake-build-debug/CMakeFiles/CMakeTmp'



Parsed C implicit include dir info from above output: rv=done
  found start of include info
  found start of implicit include info
    add: [/Users/gravescn/opt/anaconda3/bin/../lib/clang/4.0.1/include]
    add: [/Applications/Xcode.app/Contents/Developer/Platforms/MacOSX.platform/Developer/SDKs/MacOSX10.15.sdk/usr/include]
  end of search list found
  collapse include dir [/Users/gravescn/opt/anaconda3/bin/../lib/clang/4.0.1/include] ==> [/Users/gravescn/opt/anaconda3/lib/clang/4.0.1/include]
  collapse include dir [/Applications/Xcode.app/Contents/Developer/Platforms/MacOSX.platform/Developer/SDKs/MacOSX10.15.sdk/usr/include] ==> [/Applications/Xcode.app/Contents/Developer/Platforms/MacOSX.platform/Developer/SDKs/MacOSX10.15.sdk/usr/include]
  implicit include dirs: [/Users/gravescn/opt/anaconda3/lib/clang/4.0.1/include;/Applications/Xcode.app/Contents/Developer/Platforms/MacOSX.platform/Developer/SDKs/MacOSX10.15.sdk/usr/include]


Parsed C implicit link information from above output:
  link line regex: [^( *|.*[/\])(ld|CMAKE_LINK_STARTFILE-NOTFOUND|([^/\]+-)?ld|collect2)[^/\]*( |$)]
  ignore line: [Change Dir: /Users/gravescn/Desktop/GS/Coding Projects/VE482-Intro-to-Operating-Systems/project/p1/cmake-build-debug/CMakeFiles/CMakeTmp]
  ignore line: []
  ignore line: [Run Build Command(s):/Users/gravescn/opt/anaconda3/bin/make cmTC_bb2a1/fast && /Users/gravescn/opt/anaconda3/bin/make -f CMakeFiles/cmTC_bb2a1.dir/build.make CMakeFiles/cmTC_bb2a1.dir/build]
  ignore line: [make[1]: Entering directory '/Users/gravescn/Desktop/GS/Coding Projects/VE482-Intro-to-Operating-Systems/project/p1/cmake-build-debug/CMakeFiles/CMakeTmp']
  ignore line: [Building C object CMakeFiles/cmTC_bb2a1.dir/CMakeCCompilerABI.c.o]
  ignore line: [/Users/gravescn/opt/anaconda3/bin/clang   -march=core2 -mtune=haswell -mssse3 -ftree-vectorize -fPIC -fPIE -fstack-protector-strong -O2 -pipe  -isysroot /Applications/Xcode.app/Contents/Developer/Platforms/MacOSX.platform/Developer/SDKs/MacOSX10.15.sdk   -v -Wl -v -o CMakeFiles/cmTC_bb2a1.dir/CMakeCCompilerABI.c.o   -c /Applications/CLion.app/Contents/bin/cmake/mac/share/cmake-3.16/Modules/CMakeCCompilerABI.c]
  ignore line: [clang version 4.0.1 (tags/RELEASE_401/final)]
  ignore line: [Target: x86_64-apple-darwin20.0.0]
  ignore line: [Thread model: posix]
  ignore line: [InstalledDir: /Users/gravescn/opt/anaconda3/bin]
  ignore line: [clang-4.0: warning: -Wl -v: 'linker' input unused [-Wunused-command-line-argument]]
  ignore line: [ "/Users/gravescn/opt/anaconda3/bin/clang-4.0" -cc1 -triple x86_64-apple-macosx10.15.0 -Wdeprecated-objc-isa-usage -Werror=deprecated-objc-isa-usage -emit-obj -disable-free -disable-llvm-verifier -discard-value-names -main-file-name CMakeCCompilerABI.c -mrelocation-model pic -pic-level 2 -mthread-model posix -mdisable-fp-elim -masm-verbose -munwind-tables -target-cpu core2 -target-feature +ssse3 -target-linker-version 241.9 -v -dwarf-column-info -debugger-tuning=lldb -coverage-notes-file /Users/gravescn/Desktop/GS/Coding Projects/VE482-Intro-to-Operating-Systems/project/p1/cmake-build-debug/CMakeFiles/CMakeTmp/CMakeFiles/cmTC_bb2a1.dir/CMakeCCompilerABI.c.gcno -resource-dir /Users/gravescn/opt/anaconda3/bin/../lib/clang/4.0.1 -isysroot /Applications/Xcode.app/Contents/Developer/Platforms/MacOSX.platform/Developer/SDKs/MacOSX10.15.sdk -O2 -fdebug-compilation-dir /Users/gravescn/Desktop/GS/Coding Projects/VE482-Intro-to-Operating-Systems/project/p1/cmake-build-debug/CMakeFiles/CMakeTmp -ferror-limit 19 -fmessage-length 0 -stack-protector 2 -fblocks -fobjc-runtime=macosx-10.15.0 -fencode-extended-block-signature -fmax-type-align=16 -fdiagnostics-show-option -vectorize-loops -vectorize-slp -o CMakeFiles/cmTC_bb2a1.dir/CMakeCCompilerABI.c.o -x c /Applications/CLion.app/Contents/bin/cmake/mac/share/cmake-3.16/Modules/CMakeCCompilerABI.c]
  ignore line: [clang -cc1 version 4.0.1 based upon LLVM 4.0.1 default target x86_64-apple-darwin20.0.0]
  ignore line: [ignoring nonexistent directory "/Applications/Xcode.app/Contents/Developer/Platforms/MacOSX.platform/Developer/SDKs/MacOSX10.15.sdk/Library/Frameworks"]
  ignore line: [#include "..." search starts here:]
  ignore line: [#include <...> search starts here:]
  ignore line: [ /Users/gravescn/opt/anaconda3/bin/../lib/clang/4.0.1/include]
  ignore line: [ /Applications/Xcode.app/Contents/Developer/Platforms/MacOSX.platform/Developer/SDKs/MacOSX10.15.sdk/usr/include]
  ignore line: [ /Applications/Xcode.app/Contents/Developer/Platforms/MacOSX.platform/Developer/SDKs/MacOSX10.15.sdk/System/Library/Frameworks (framework directory)]
  ignore line: [End of search list.]
  ignore line: [Linking C executable cmTC_bb2a1]
  ignore line: [/Applications/CLion.app/Contents/bin/cmake/mac/bin/cmake -E cmake_link_script CMakeFiles/cmTC_bb2a1.dir/link.txt --verbose=1]
  ignore line: [/Users/gravescn/opt/anaconda3/bin/clang -march=core2 -mtune=haswell -mssse3 -ftree-vectorize -fPIC -fPIE -fstack-protector-strong -O2 -pipe  -isysroot /Applications/Xcode.app/Contents/Developer/Platforms/MacOSX.platform/Developer/SDKs/MacOSX10.15.sdk -Wl -search_paths_first -Wl -headerpad_max_install_names -Wl -pie -Wl -headerpad_max_install_names -Wl -dead_strip_dylibs -v -Wl -v CMakeFiles/cmTC_bb2a1.dir/CMakeCCompilerABI.c.o  -o cmTC_bb2a1 ]
  ignore line: [clang version 4.0.1 (tags/RELEASE_401/final)]
  ignore line: [Target: x86_64-apple-darwin20.0.0]
  ignore line: [Thread model: posix]
  ignore line: [InstalledDir: /Users/gravescn/opt/anaconda3/bin]
  link line: [ "/usr/bin/ld" -demangle -lto_library /Users/gravescn/opt/anaconda3/lib/libLTO.dylib -dynamic -arch x86_64 -macosx_version_min 10.15.0 -pie -syslibroot /Applications/Xcode.app/Contents/Developer/Platforms/MacOSX.platform/Developer/SDKs/MacOSX.sdk -o cmTC_bb2a1 -search_paths_first -headerpad_max_install_names -pie -headerpad_max_install_names -dead_strip_dylibs -v CMakeFiles/cmTC_bb2a1.dir/CMakeCCompilerABI.c.o -lSystem /Users/gravescn/opt/anaconda3/bin/../lib/clang/4.0.1/lib/darwin/libclang_rt.osx.a]
    arg [/usr/bin/ld] ==> ignore
    arg [-demangle] ==> ignore
    arg [-lto_library] ==> ignore, skip following value
    arg [/Users/gravescn/opt/anaconda3/lib/libLTO.dylib] ==> skip value of -lto_library
    arg [-dynamic] ==> ignore
    arg [-arch] ==> ignore
    arg [x86_64] ==> ignore
    arg [-macosx_version_min] ==> ignore
    arg [10.15.0] ==> ignore
    arg [-pie] ==> ignore
    arg [-syslibroot] ==> ignore
    arg [/Applications/Xcode.app/Contents/Developer/Platforms/MacOSX.platform/Developer/SDKs/MacOSX.sdk] ==> ignore
    arg [-o] ==> ignore
    arg [cmTC_bb2a1] ==> ignore
    arg [-search_paths_first] ==> ignore
    arg [-headerpad_max_install_names] ==> ignore
    arg [-pie] ==> ignore
    arg [-headerpad_max_install_names] ==> ignore
    arg [-dead_strip_dylibs] ==> ignore
    arg [-v] ==> ignore
    arg [CMakeFiles/cmTC_bb2a1.dir/CMakeCCompilerABI.c.o] ==> ignore
    arg [-lSystem] ==> lib [System]
    arg [/Users/gravescn/opt/anaconda3/bin/../lib/clang/4.0.1/lib/darwin/libclang_rt.osx.a] ==> lib [/Users/gravescn/opt/anaconda3/bin/../lib/clang/4.0.1/lib/darwin/libclang_rt.osx.a]
  Library search paths: [;/Applications/Xcode.app/Contents/Developer/Platforms/MacOSX.platform/Developer/SDKs/MacOSX.sdk/usr/lib]
  Framework search paths: [;/Applications/Xcode.app/Contents/Developer/Platforms/MacOSX.platform/Developer/SDKs/MacOSX.sdk/System/Library/Frameworks/]
  remove lib [System]
  remove lib [/Users/gravescn/opt/anaconda3/bin/../lib/clang/4.0.1/lib/darwin/libclang_rt.osx.a]
  collapse library dir [/Applications/Xcode.app/Contents/Developer/Platforms/MacOSX.platform/Developer/SDKs/MacOSX.sdk/usr/lib] ==> [/Applications/Xcode.app/Contents/Developer/Platforms/MacOSX.platform/Developer/SDKs/MacOSX.sdk/usr/lib]
  collapse framework dir [/Applications/Xcode.app/Contents/Developer/Platforms/MacOSX.platform/Developer/SDKs/MacOSX.sdk/System/Library/Frameworks/] ==> [/Applications/Xcode.app/Contents/Developer/Platforms/MacOSX.platform/Developer/SDKs/MacOSX.sdk/System/Library/Frameworks]
  implicit libs: []
  implicit dirs: [/Applications/Xcode.app/Contents/Developer/Platforms/MacOSX.platform/Developer/SDKs/MacOSX.sdk/usr/lib]
  implicit fwks: [/Applications/Xcode.app/Contents/Developer/Platforms/MacOSX.platform/Developer/SDKs/MacOSX.sdk/System/Library/Frameworks]


Compiling the CXX compiler identification source file "CMakeCXXCompilerId.cpp" succeeded.
Compiler: /Users/gravescn/opt/anaconda3/bin/clang++ 
Build flags: -march=core2;-mtune=haswell;-mssse3;-ftree-vectorize;-fPIC;-fPIE;-fstack-protector-strong;-O2;-pipe;-stdlib=libc++;-fvisibility-inlines-hidden;-std=c++14;-fmessage-length=0
Id flags:  

The output was:
0


Compilation of the CXX compiler identification source "CMakeCXXCompilerId.cpp" produced "a.out"

The CXX compiler identification is Clang, found in "/Users/gravescn/Desktop/GS/Coding Projects/VE482-Intro-to-Operating-Systems/project/p1/cmake-build-debug/CMakeFiles/3.16.5/CompilerIdCXX/a.out"

Determining if the CXX compiler works passed with the following output:
Change Dir: /Users/gravescn/Desktop/GS/Coding Projects/VE482-Intro-to-Operating-Systems/project/p1/cmake-build-debug/CMakeFiles/CMakeTmp

Run Build Command(s):/Users/gravescn/opt/anaconda3/bin/make cmTC_c202c/fast && /Users/gravescn/opt/anaconda3/bin/make -f CMakeFiles/cmTC_c202c.dir/build.make CMakeFiles/cmTC_c202c.dir/build
make[1]: Entering directory '/Users/gravescn/Desktop/GS/Coding Projects/VE482-Intro-to-Operating-Systems/project/p1/cmake-build-debug/CMakeFiles/CMakeTmp'
Building CXX object CMakeFiles/cmTC_c202c.dir/testCXXCompiler.cxx.o
/Users/gravescn/opt/anaconda3/bin/clang++    -march=core2 -mtune=haswell -mssse3 -ftree-vectorize -fPIC -fPIE -fstack-protector-strong -O2 -pipe -stdlib=libc++ -fvisibility-inlines-hidden -std=c++14 -fmessage-length=0  -isysroot /Applications/Xcode.app/Contents/Developer/Platforms/MacOSX.platform/Developer/SDKs/MacOSX10.15.sdk   -o CMakeFiles/cmTC_c202c.dir/testCXXCompiler.cxx.o -c "/Users/gravescn/Desktop/GS/Coding Projects/VE482-Intro-to-Operating-Systems/project/p1/cmake-build-debug/CMakeFiles/CMakeTmp/testCXXCompiler.cxx"
Linking CXX executable cmTC_c202c
/Applications/CLion.app/Contents/bin/cmake/mac/bin/cmake -E cmake_link_script CMakeFiles/cmTC_c202c.dir/link.txt --verbose=1
/Users/gravescn/opt/anaconda3/bin/clang++  -march=core2 -mtune=haswell -mssse3 -ftree-vectorize -fPIC -fPIE -fstack-protector-strong -O2 -pipe -stdlib=libc++ -fvisibility-inlines-hidden -std=c++14 -fmessage-length=0  -isysroot /Applications/Xcode.app/Contents/Developer/Platforms/MacOSX.platform/Developer/SDKs/MacOSX10.15.sdk -Wl,-search_paths_first -Wl,-headerpad_max_install_names -Wl,-pie -Wl,-headerpad_max_install_names -Wl,-dead_strip_dylibs  CMakeFiles/cmTC_c202c.dir/testCXXCompiler.cxx.o  -o cmTC_c202c 
make[1]: Leaving directory '/Users/gravescn/Desktop/GS/Coding Projects/VE482-Intro-to-Operating-Systems/project/p1/cmake-build-debug/CMakeFiles/CMakeTmp'



Detecting CXX compiler ABI info compiled with the following output:
Change Dir: /Users/gravescn/Desktop/GS/Coding Projects/VE482-Intro-to-Operating-Systems/project/p1/cmake-build-debug/CMakeFiles/CMakeTmp

Run Build Command(s):/Users/gravescn/opt/anaconda3/bin/make cmTC_60f42/fast && /Users/gravescn/opt/anaconda3/bin/make -f CMakeFiles/cmTC_60f42.dir/build.make CMakeFiles/cmTC_60f42.dir/build
make[1]: Entering directory '/Users/gravescn/Desktop/GS/Coding Projects/VE482-Intro-to-Operating-Systems/project/p1/cmake-build-debug/CMakeFiles/CMakeTmp'
Building CXX object CMakeFiles/cmTC_60f42.dir/CMakeCXXCompilerABI.cpp.o
/Users/gravescn/opt/anaconda3/bin/clang++    -march=core2 -mtune=haswell -mssse3 -ftree-vectorize -fPIC -fPIE -fstack-protector-strong -O2 -pipe -stdlib=libc++ -fvisibility-inlines-hidden -std=c++14 -fmessage-length=0  -isysroot /Applications/Xcode.app/Contents/Developer/Platforms/MacOSX.platform/Developer/SDKs/MacOSX10.15.sdk   -v -Wl,-v -o CMakeFiles/cmTC_60f42.dir/CMakeCXXCompilerABI.cpp.o -c /Applications/CLion.app/Contents/bin/cmake/mac/share/cmake-3.16/Modules/CMakeCXXCompilerABI.cpp
clang version 4.0.1 (tags/RELEASE_401/final)
Target: x86_64-apple-darwin20.0.0
Thread model: posix
InstalledDir: /Users/gravescn/opt/anaconda3/bin
clang-4.0: warning: -Wl,-v: 'linker' input unused [-Wunused-command-line-argument]
 "/Users/gravescn/opt/anaconda3/bin/clang-4.0" -cc1 -triple x86_64-apple-macosx10.15.0 -Wdeprecated-objc-isa-usage -Werror=deprecated-objc-isa-usage -emit-obj -disable-free -disable-llvm-verifier -discard-value-names -main-file-name CMakeCXXCompilerABI.cpp -mrelocation-model pic -pic-level 2 -mthread-model posix -mdisable-fp-elim -masm-verbose -munwind-tables -target-cpu core2 -target-feature +ssse3 -target-linker-version 241.9 -v -dwarf-column-info -debugger-tuning=lldb -coverage-notes-file /Users/gravescn/Desktop/GS/Coding Projects/VE482-Intro-to-Operating-Systems/project/p1/cmake-build-debug/CMakeFiles/CMakeTmp/CMakeFiles/cmTC_60f42.dir/CMakeCXXCompilerABI.cpp.gcno -resource-dir /Users/gravescn/opt/anaconda3/bin/../lib/clang/4.0.1 -isysroot /Applications/Xcode.app/Contents/Developer/Platforms/MacOSX.platform/Developer/SDKs/MacOSX10.15.sdk -stdlib=libc++ -O2 -std=c++14 -fdeprecated-macro -fdebug-compilation-dir /Users/gravescn/Desktop/GS/Coding Projects/VE482-Intro-to-Operating-Systems/project/p1/cmake-build-debug/CMakeFiles/CMakeTmp -ferror-limit 19 -fmessage-length 0 -fvisibility-inlines-hidden -stack-protector 2 -fblocks -fobjc-runtime=macosx-10.15.0 -fencode-extended-block-signature -fcxx-exceptions -fexceptions -fmax-type-align=16 -fdiagnostics-show-option -vectorize-loops -vectorize-slp -o CMakeFiles/cmTC_60f42.dir/CMakeCXXCompilerABI.cpp.o -x c++ /Applications/CLion.app/Contents/bin/cmake/mac/share/cmake-3.16/Modules/CMakeCXXCompilerABI.cpp
clang -cc1 version 4.0.1 based upon LLVM 4.0.1 default target x86_64-apple-darwin20.0.0
ignoring nonexistent directory "/Applications/Xcode.app/Contents/Developer/Platforms/MacOSX.platform/Developer/SDKs/MacOSX10.15.sdk/usr/include/c++/v1"
ignoring nonexistent directory "/Applications/Xcode.app/Contents/Developer/Platforms/MacOSX.platform/Developer/SDKs/MacOSX10.15.sdk/Library/Frameworks"
#include "..." search starts here:
#include <...> search starts here:
 /Users/gravescn/opt/anaconda3/bin/../include/c++/v1
 /Users/gravescn/opt/anaconda3/bin/../lib/clang/4.0.1/include
 /Applications/Xcode.app/Contents/Developer/Platforms/MacOSX.platform/Developer/SDKs/MacOSX10.15.sdk/usr/include
 /Applications/Xcode.app/Contents/Developer/Platforms/MacOSX.platform/Developer/SDKs/MacOSX10.15.sdk/System/Library/Frameworks (framework directory)
End of search list.
Linking CXX executable cmTC_60f42
/Applications/CLion.app/Contents/bin/cmake/mac/bin/cmake -E cmake_link_script CMakeFiles/cmTC_60f42.dir/link.txt --verbose=1
/Users/gravescn/opt/anaconda3/bin/clang++  -march=core2 -mtune=haswell -mssse3 -ftree-vectorize -fPIC -fPIE -fstack-protector-strong -O2 -pipe -stdlib=libc++ -fvisibility-inlines-hidden -std=c++14 -fmessage-length=0  -isysroot /Applications/Xcode.app/Contents/Developer/Platforms/MacOSX.platform/Developer/SDKs/MacOSX10.15.sdk -Wl,-search_paths_first -Wl,-headerpad_max_install_names -Wl,-pie -Wl,-headerpad_max_install_names -Wl,-dead_strip_dylibs -v -Wl,-v CMakeFiles/cmTC_60f42.dir/CMakeCXXCompilerABI.cpp.o  -o cmTC_60f42 
clang version 4.0.1 (tags/RELEASE_401/final)
Target: x86_64-apple-darwin20.0.0
Thread model: posix
InstalledDir: /Users/gravescn/opt/anaconda3/bin
 "/usr/bin/ld" -demangle -lto_library /Users/gravescn/opt/anaconda3/lib/libLTO.dylib -dynamic -arch x86_64 -macosx_version_min 10.15.0 -pie -syslibroot /Applications/Xcode.app/Contents/Developer/Platforms/MacOSX.platform/Developer/SDKs/MacOSX.sdk -o cmTC_60f42 -search_paths_first -headerpad_max_install_names -pie -headerpad_max_install_names -dead_strip_dylibs -v CMakeFiles/cmTC_60f42.dir/CMakeCXXCompilerABI.cpp.o -lc++ -lSystem /Users/gravescn/opt/anaconda3/bin/../lib/clang/4.0.1/lib/darwin/libclang_rt.osx.a
@(#)PROGRAM:ld  PROJECT:ld64-556.6
BUILD 18:54:40 Jun  2 2020
configured to support archs: armv6 armv7 armv7s arm64 arm64e arm64_32 i386 x86_64 x86_64h armv6m armv7k armv7m armv7em
Library search paths:
	/Applications/Xcode.app/Contents/Developer/Platforms/MacOSX.platform/Developer/SDKs/MacOSX.sdk/usr/lib
Framework search paths:
	/Applications/Xcode.app/Contents/Developer/Platforms/MacOSX.platform/Developer/SDKs/MacOSX.sdk/System/Library/Frameworks/
make[1]: Leaving directory '/Users/gravescn/Desktop/GS/Coding Projects/VE482-Intro-to-Operating-Systems/project/p1/cmake-build-debug/CMakeFiles/CMakeTmp'



Parsed CXX implicit include dir info from above output: rv=done
  found start of include info
  found start of implicit include info
    add: [/Users/gravescn/opt/anaconda3/bin/../include/c++/v1]
    add: [/Users/gravescn/opt/anaconda3/bin/../lib/clang/4.0.1/include]
    add: [/Applications/Xcode.app/Contents/Developer/Platforms/MacOSX.platform/Developer/SDKs/MacOSX10.15.sdk/usr/include]
  end of search list found
  collapse include dir [/Users/gravescn/opt/anaconda3/bin/../include/c++/v1] ==> [/Users/gravescn/opt/anaconda3/include/c++/v1]
  collapse include dir [/Users/gravescn/opt/anaconda3/bin/../lib/clang/4.0.1/include] ==> [/Users/gravescn/opt/anaconda3/lib/clang/4.0.1/include]
  collapse include dir [/Applications/Xcode.app/Contents/Developer/Platforms/MacOSX.platform/Developer/SDKs/MacOSX10.15.sdk/usr/include] ==> [/Applications/Xcode.app/Contents/Developer/Platforms/MacOSX.platform/Developer/SDKs/MacOSX10.15.sdk/usr/include]
  implicit include dirs: [/Users/gravescn/opt/anaconda3/include/c++/v1;/Users/gravescn/opt/anaconda3/lib/clang/4.0.1/include;/Applications/Xcode.app/Contents/Developer/Platforms/MacOSX.platform/Developer/SDKs/MacOSX10.15.sdk/usr/include]


Parsed CXX implicit link information from above output:
  link line regex: [^( *|.*[/\])(ld|CMAKE_LINK_STARTFILE-NOTFOUND|([^/\]+-)?ld|collect2)[^/\]*( |$)]
  ignore line: [Change Dir: /Users/gravescn/Desktop/GS/Coding Projects/VE482-Intro-to-Operating-Systems/project/p1/cmake-build-debug/CMakeFiles/CMakeTmp]
  ignore line: []
  ignore line: [Run Build Command(s):/Users/gravescn/opt/anaconda3/bin/make cmTC_60f42/fast && /Users/gravescn/opt/anaconda3/bin/make -f CMakeFiles/cmTC_60f42.dir/build.make CMakeFiles/cmTC_60f42.dir/build]
  ignore line: [make[1]: Entering directory '/Users/gravescn/Desktop/GS/Coding Projects/VE482-Intro-to-Operating-Systems/project/p1/cmake-build-debug/CMakeFiles/CMakeTmp']
  ignore line: [Building CXX object CMakeFiles/cmTC_60f42.dir/CMakeCXXCompilerABI.cpp.o]
  ignore line: [/Users/gravescn/opt/anaconda3/bin/clang++    -march=core2 -mtune=haswell -mssse3 -ftree-vectorize -fPIC -fPIE -fstack-protector-strong -O2 -pipe -stdlib=libc++ -fvisibility-inlines-hidden -std=c++14 -fmessage-length=0  -isysroot /Applications/Xcode.app/Contents/Developer/Platforms/MacOSX.platform/Developer/SDKs/MacOSX10.15.sdk   -v -Wl -v -o CMakeFiles/cmTC_60f42.dir/CMakeCXXCompilerABI.cpp.o -c /Applications/CLion.app/Contents/bin/cmake/mac/share/cmake-3.16/Modules/CMakeCXXCompilerABI.cpp]
  ignore line: [clang version 4.0.1 (tags/RELEASE_401/final)]
  ignore line: [Target: x86_64-apple-darwin20.0.0]
  ignore line: [Thread model: posix]
  ignore line: [InstalledDir: /Users/gravescn/opt/anaconda3/bin]
  ignore line: [clang-4.0: warning: -Wl -v: 'linker' input unused [-Wunused-command-line-argument]]
  ignore line: [ "/Users/gravescn/opt/anaconda3/bin/clang-4.0" -cc1 -triple x86_64-apple-macosx10.15.0 -Wdeprecated-objc-isa-usage -Werror=deprecated-objc-isa-usage -emit-obj -disable-free -disable-llvm-verifier -discard-value-names -main-file-name CMakeCXXCompilerABI.cpp -mrelocation-model pic -pic-level 2 -mthread-model posix -mdisable-fp-elim -masm-verbose -munwind-tables -target-cpu core2 -target-feature +ssse3 -target-linker-version 241.9 -v -dwarf-column-info -debugger-tuning=lldb -coverage-notes-file /Users/gravescn/Desktop/GS/Coding Projects/VE482-Intro-to-Operating-Systems/project/p1/cmake-build-debug/CMakeFiles/CMakeTmp/CMakeFiles/cmTC_60f42.dir/CMakeCXXCompilerABI.cpp.gcno -resource-dir /Users/gravescn/opt/anaconda3/bin/../lib/clang/4.0.1 -isysroot /Applications/Xcode.app/Contents/Developer/Platforms/MacOSX.platform/Developer/SDKs/MacOSX10.15.sdk -stdlib=libc++ -O2 -std=c++14 -fdeprecated-macro -fdebug-compilation-dir /Users/gravescn/Desktop/GS/Coding Projects/VE482-Intro-to-Operating-Systems/project/p1/cmake-build-debug/CMakeFiles/CMakeTmp -ferror-limit 19 -fmessage-length 0 -fvisibility-inlines-hidden -stack-protector 2 -fblocks -fobjc-runtime=macosx-10.15.0 -fencode-extended-block-signature -fcxx-exceptions -fexceptions -fmax-type-align=16 -fdiagnostics-show-option -vectorize-loops -vectorize-slp -o CMakeFiles/cmTC_60f42.dir/CMakeCXXCompilerABI.cpp.o -x c++ /Applications/CLion.app/Contents/bin/cmake/mac/share/cmake-3.16/Modules/CMakeCXXCompilerABI.cpp]
  ignore line: [clang -cc1 version 4.0.1 based upon LLVM 4.0.1 default target x86_64-apple-darwin20.0.0]
  ignore line: [ignoring nonexistent directory "/Applications/Xcode.app/Contents/Developer/Platforms/MacOSX.platform/Developer/SDKs/MacOSX10.15.sdk/usr/include/c++/v1"]
  ignore line: [ignoring nonexistent directory "/Applications/Xcode.app/Contents/Developer/Platforms/MacOSX.platform/Developer/SDKs/MacOSX10.15.sdk/Library/Frameworks"]
  ignore line: [#include "..." search starts here:]
  ignore line: [#include <...> search starts here:]
  ignore line: [ /Users/gravescn/opt/anaconda3/bin/../include/c++/v1]
  ignore line: [ /Users/gravescn/opt/anaconda3/bin/../lib/clang/4.0.1/include]
  ignore line: [ /Applications/Xcode.app/Contents/Developer/Platforms/MacOSX.platform/Developer/SDKs/MacOSX10.15.sdk/usr/include]
  ignore line: [ /Applications/Xcode.app/Contents/Developer/Platforms/MacOSX.platform/Developer/SDKs/MacOSX10.15.sdk/System/Library/Frameworks (framework directory)]
  ignore line: [End of search list.]
  ignore line: [Linking CXX executable cmTC_60f42]
  ignore line: [/Applications/CLion.app/Contents/bin/cmake/mac/bin/cmake -E cmake_link_script CMakeFiles/cmTC_60f42.dir/link.txt --verbose=1]
  ignore line: [/Users/gravescn/opt/anaconda3/bin/clang++  -march=core2 -mtune=haswell -mssse3 -ftree-vectorize -fPIC -fPIE -fstack-protector-strong -O2 -pipe -stdlib=libc++ -fvisibility-inlines-hidden -std=c++14 -fmessage-length=0  -isysroot /Applications/Xcode.app/Contents/Developer/Platforms/MacOSX.platform/Developer/SDKs/MacOSX10.15.sdk -Wl -search_paths_first -Wl -headerpad_max_install_names -Wl -pie -Wl -headerpad_max_install_names -Wl -dead_strip_dylibs -v -Wl -v CMakeFiles/cmTC_60f42.dir/CMakeCXXCompilerABI.cpp.o  -o cmTC_60f42 ]
  ignore line: [clang version 4.0.1 (tags/RELEASE_401/final)]
  ignore line: [Target: x86_64-apple-darwin20.0.0]
  ignore line: [Thread model: posix]
  ignore line: [InstalledDir: /Users/gravescn/opt/anaconda3/bin]
  link line: [ "/usr/bin/ld" -demangle -lto_library /Users/gravescn/opt/anaconda3/lib/libLTO.dylib -dynamic -arch x86_64 -macosx_version_min 10.15.0 -pie -syslibroot /Applications/Xcode.app/Contents/Developer/Platforms/MacOSX.platform/Developer/SDKs/MacOSX.sdk -o cmTC_60f42 -search_paths_first -headerpad_max_install_names -pie -headerpad_max_install_names -dead_strip_dylibs -v CMakeFiles/cmTC_60f42.dir/CMakeCXXCompilerABI.cpp.o -lc++ -lSystem /Users/gravescn/opt/anaconda3/bin/../lib/clang/4.0.1/lib/darwin/libclang_rt.osx.a]
    arg [/usr/bin/ld] ==> ignore
    arg [-demangle] ==> ignore
    arg [-lto_library] ==> ignore, skip following value
    arg [/Users/gravescn/opt/anaconda3/lib/libLTO.dylib] ==> skip value of -lto_library
    arg [-dynamic] ==> ignore
    arg [-arch] ==> ignore
    arg [x86_64] ==> ignore
    arg [-macosx_version_min] ==> ignore
    arg [10.15.0] ==> ignore
    arg [-pie] ==> ignore
    arg [-syslibroot] ==> ignore
    arg [/Applications/Xcode.app/Contents/Developer/Platforms/MacOSX.platform/Developer/SDKs/MacOSX.sdk] ==> ignore
    arg [-o] ==> ignore
    arg [cmTC_60f42] ==> ignore
    arg [-search_paths_first] ==> ignore
    arg [-headerpad_max_install_names] ==> ignore
    arg [-pie] ==> ignore
    arg [-headerpad_max_install_names] ==> ignore
    arg [-dead_strip_dylibs] ==> ignore
    arg [-v] ==> ignore
    arg [CMakeFiles/cmTC_60f42.dir/CMakeCXXCompilerABI.cpp.o] ==> ignore
    arg [-lc++] ==> lib [c++]
    arg [-lSystem] ==> lib [System]
    arg [/Users/gravescn/opt/anaconda3/bin/../lib/clang/4.0.1/lib/darwin/libclang_rt.osx.a] ==> lib [/Users/gravescn/opt/anaconda3/bin/../lib/clang/4.0.1/lib/darwin/libclang_rt.osx.a]
  Library search paths: [;/Applications/Xcode.app/Contents/Developer/Platforms/MacOSX.platform/Developer/SDKs/MacOSX.sdk/usr/lib]
  Framework search paths: [;/Applications/Xcode.app/Contents/Developer/Platforms/MacOSX.platform/Developer/SDKs/MacOSX.sdk/System/Library/Frameworks/]
  remove lib [System]
  remove lib [/Users/gravescn/opt/anaconda3/bin/../lib/clang/4.0.1/lib/darwin/libclang_rt.osx.a]
  collapse library dir [/Applications/Xcode.app/Contents/Developer/Platforms/MacOSX.platform/Developer/SDKs/MacOSX.sdk/usr/lib] ==> [/Applications/Xcode.app/Contents/Developer/Platforms/MacOSX.platform/Developer/SDKs/MacOSX.sdk/usr/lib]
  collapse framework dir [/Applications/Xcode.app/Contents/Developer/Platforms/MacOSX.platform/Developer/SDKs/MacOSX.sdk/System/Library/Frameworks/] ==> [/Applications/Xcode.app/Contents/Developer/Platforms/MacOSX.platform/Developer/SDKs/MacOSX.sdk/System/Library/Frameworks]
  implicit libs: [c++]
  implicit dirs: [/Applications/Xcode.app/Contents/Developer/Platforms/MacOSX.platform/Developer/SDKs/MacOSX.sdk/usr/lib]
  implicit fwks: [/Applications/Xcode.app/Contents/Developer/Platforms/MacOSX.platform/Developer/SDKs/MacOSX.sdk/System/Library/Frameworks]


The system is: Darwin - 20.1.0 - x86_64
Compiling the C compiler identification source file "CMakeCCompilerId.c" succeeded.
Compiler: /Users/gravescn/opt/anaconda3/bin/clang 
Build flags: -march=core2;-mtune=haswell;-mssse3;-ftree-vectorize;-fPIC;-fPIE;-fstack-protector-strong;-O2;-pipe
Id flags:  

The output was:
0


Compilation of the C compiler identification source "CMakeCCompilerId.c" produced "a.out"

The C compiler identification is Clang, found in "/Users/gravescn/Desktop/GS/Coding Projects/VE482-Intro-to-Operating-Systems/project/p1/cmake-build-debug/CMakeFiles/3.17.3/CompilerIdC/a.out"

Determining if the C compiler works passed with the following output:
Change Dir: /Users/gravescn/Desktop/GS/Coding Projects/VE482-Intro-to-Operating-Systems/project/p1/cmake-build-debug/CMakeFiles/CMakeTmp

Run Build Command(s):/Users/gravescn/opt/anaconda3/bin/make cmTC_158ee/fast && /Users/gravescn/opt/anaconda3/bin/make  -f CMakeFiles/cmTC_158ee.dir/build.make CMakeFiles/cmTC_158ee.dir/build
make[1]: Entering directory '/Users/gravescn/Desktop/GS/Coding Projects/VE482-Intro-to-Operating-Systems/project/p1/cmake-build-debug/CMakeFiles/CMakeTmp'
Building C object CMakeFiles/cmTC_158ee.dir/testCCompiler.c.o
/Users/gravescn/opt/anaconda3/bin/clang   -march=core2 -mtune=haswell -mssse3 -ftree-vectorize -fPIC -fPIE -fstack-protector-strong -O2 -pipe  -isysroot /Applications/Xcode.app/Contents/Developer/Platforms/MacOSX.platform/Developer/SDKs/MacOSX10.15.sdk   -o CMakeFiles/cmTC_158ee.dir/testCCompiler.c.o   -c "/Users/gravescn/Desktop/GS/Coding Projects/VE482-Intro-to-Operating-Systems/project/p1/cmake-build-debug/CMakeFiles/CMakeTmp/testCCompiler.c"
Linking C executable cmTC_158ee
/Applications/CLion.app/Contents/bin/cmake/mac/bin/cmake -E cmake_link_script CMakeFiles/cmTC_158ee.dir/link.txt --verbose=1
/Users/gravescn/opt/anaconda3/bin/clang -march=core2 -mtune=haswell -mssse3 -ftree-vectorize -fPIC -fPIE -fstack-protector-strong -O2 -pipe  -isysroot /Applications/Xcode.app/Contents/Developer/Platforms/MacOSX.platform/Developer/SDKs/MacOSX10.15.sdk -Wl,-search_paths_first -Wl,-headerpad_max_install_names -Wl,-pie -Wl,-headerpad_max_install_names -Wl,-dead_strip_dylibs  CMakeFiles/cmTC_158ee.dir/testCCompiler.c.o  -o cmTC_158ee 
make[1]: Leaving directory '/Users/gravescn/Desktop/GS/Coding Projects/VE482-Intro-to-Operating-Systems/project/p1/cmake-build-debug/CMakeFiles/CMakeTmp'



Detecting C compiler ABI info compiled with the following output:
Change Dir: /Users/gravescn/Desktop/GS/Coding Projects/VE482-Intro-to-Operating-Systems/project/p1/cmake-build-debug/CMakeFiles/CMakeTmp

Run Build Command(s):/Users/gravescn/opt/anaconda3/bin/make cmTC_3e43a/fast && /Users/gravescn/opt/anaconda3/bin/make  -f CMakeFiles/cmTC_3e43a.dir/build.make CMakeFiles/cmTC_3e43a.dir/build
make[1]: Entering directory '/Users/gravescn/Desktop/GS/Coding Projects/VE482-Intro-to-Operating-Systems/project/p1/cmake-build-debug/CMakeFiles/CMakeTmp'
Building C object CMakeFiles/cmTC_3e43a.dir/CMakeCCompilerABI.c.o
/Users/gravescn/opt/anaconda3/bin/clang   -march=core2 -mtune=haswell -mssse3 -ftree-vectorize -fPIC -fPIE -fstack-protector-strong -O2 -pipe  -isysroot /Applications/Xcode.app/Contents/Developer/Platforms/MacOSX.platform/Developer/SDKs/MacOSX10.15.sdk   -v -Wl,-v -o CMakeFiles/cmTC_3e43a.dir/CMakeCCompilerABI.c.o   -c /Applications/CLion.app/Contents/bin/cmake/mac/share/cmake-3.17/Modules/CMakeCCompilerABI.c
clang version 4.0.1 (tags/RELEASE_401/final)
Target: x86_64-apple-darwin20.1.0
Thread model: posix
InstalledDir: /Users/gravescn/opt/anaconda3/bin
clang-4.0: warning: -Wl,-v: 'linker' input unused [-Wunused-command-line-argument]
 "/Users/gravescn/opt/anaconda3/bin/clang-4.0" -cc1 -triple x86_64-apple-macosx10.15.0 -Wdeprecated-objc-isa-usage -Werror=deprecated-objc-isa-usage -emit-obj -disable-free -disable-llvm-verifier -discard-value-names -main-file-name CMakeCCompilerABI.c -mrelocation-model pic -pic-level 2 -mthread-model posix -mdisable-fp-elim -masm-verbose -munwind-tables -target-cpu core2 -target-feature +ssse3 -target-linker-version 241.9 -v -dwarf-column-info -debugger-tuning=lldb -coverage-notes-file /Users/gravescn/Desktop/GS/Coding Projects/VE482-Intro-to-Operating-Systems/project/p1/cmake-build-debug/CMakeFiles/CMakeTmp/CMakeFiles/cmTC_3e43a.dir/CMakeCCompilerABI.c.gcno -resource-dir /Users/gravescn/opt/anaconda3/bin/../lib/clang/4.0.1 -isysroot /Applications/Xcode.app/Contents/Developer/Platforms/MacOSX.platform/Developer/SDKs/MacOSX10.15.sdk -O2 -fdebug-compilation-dir /Users/gravescn/Desktop/GS/Coding Projects/VE482-Intro-to-Operating-Systems/project/p1/cmake-build-debug/CMakeFiles/CMakeTmp -ferror-limit 19 -fmessage-length 0 -stack-protector 2 -fblocks -fobjc-runtime=macosx-10.15.0 -fencode-extended-block-signature -fmax-type-align=16 -fdiagnostics-show-option -vectorize-loops -vectorize-slp -o CMakeFiles/cmTC_3e43a.dir/CMakeCCompilerABI.c.o -x c /Applications/CLion.app/Contents/bin/cmake/mac/share/cmake-3.17/Modules/CMakeCCompilerABI.c
clang -cc1 version 4.0.1 based upon LLVM 4.0.1 default target x86_64-apple-darwin20.1.0
ignoring nonexistent directory "/Applications/Xcode.app/Contents/Developer/Platforms/MacOSX.platform/Developer/SDKs/MacOSX10.15.sdk/Library/Frameworks"
#include "..." search starts here:
#include <...> search starts here:
 /Users/gravescn/opt/anaconda3/bin/../lib/clang/4.0.1/include
 /Applications/Xcode.app/Contents/Developer/Platforms/MacOSX.platform/Developer/SDKs/MacOSX10.15.sdk/usr/include
 /Applications/Xcode.app/Contents/Developer/Platforms/MacOSX.platform/Developer/SDKs/MacOSX10.15.sdk/System/Library/Frameworks (framework directory)
End of search list.
Linking C executable cmTC_3e43a
/Applications/CLion.app/Contents/bin/cmake/mac/bin/cmake -E cmake_link_script CMakeFiles/cmTC_3e43a.dir/link.txt --verbose=1
/Users/gravescn/opt/anaconda3/bin/clang -march=core2 -mtune=haswell -mssse3 -ftree-vectorize -fPIC -fPIE -fstack-protector-strong -O2 -pipe  -isysroot /Applications/Xcode.app/Contents/Developer/Platforms/MacOSX.platform/Developer/SDKs/MacOSX10.15.sdk -Wl,-search_paths_first -Wl,-headerpad_max_install_names -Wl,-pie -Wl,-headerpad_max_install_names -Wl,-dead_strip_dylibs -v -Wl,-v CMakeFiles/cmTC_3e43a.dir/CMakeCCompilerABI.c.o  -o cmTC_3e43a 
clang version 4.0.1 (tags/RELEASE_401/final)
Target: x86_64-apple-darwin20.1.0
Thread model: posix
InstalledDir: /Users/gravescn/opt/anaconda3/bin
 "/usr/bin/ld" -demangle -lto_library /Users/gravescn/opt/anaconda3/lib/libLTO.dylib -dynamic -arch x86_64 -macosx_version_min 10.15.0 -pie -syslibroot /Applications/Xcode.app/Contents/Developer/Platforms/MacOSX.platform/Developer/SDKs/MacOSX.sdk -o cmTC_3e43a -search_paths_first -headerpad_max_install_names -pie -headerpad_max_install_names -dead_strip_dylibs -v CMakeFiles/cmTC_3e43a.dir/CMakeCCompilerABI.c.o -lSystem /Users/gravescn/opt/anaconda3/bin/../lib/clang/4.0.1/lib/darwin/libclang_rt.osx.a
@(#)PROGRAM:ld  PROJECT:ld64-556.6
BUILD 18:54:40 Jun  2 2020
configured to support archs: armv6 armv7 armv7s arm64 arm64e arm64_32 i386 x86_64 x86_64h armv6m armv7k armv7m armv7em
Library search paths:
	/Applications/Xcode.app/Contents/Developer/Platforms/MacOSX.platform/Developer/SDKs/MacOSX.sdk/usr/lib
Framework search paths:
	/Applications/Xcode.app/Contents/Developer/Platforms/MacOSX.platform/Developer/SDKs/MacOSX.sdk/System/Library/Frameworks/
make[1]: Leaving directory '/Users/gravescn/Desktop/GS/Coding Projects/VE482-Intro-to-Operating-Systems/project/p1/cmake-build-debug/CMakeFiles/CMakeTmp'



Parsed C implicit include dir info from above output: rv=done
  found start of include info
  found start of implicit include info
    add: [/Users/gravescn/opt/anaconda3/bin/../lib/clang/4.0.1/include]
    add: [/Applications/Xcode.app/Contents/Developer/Platforms/MacOSX.platform/Developer/SDKs/MacOSX10.15.sdk/usr/include]
  end of search list found
  collapse include dir [/Users/gravescn/opt/anaconda3/bin/../lib/clang/4.0.1/include] ==> [/Users/gravescn/opt/anaconda3/lib/clang/4.0.1/include]
  collapse include dir [/Applications/Xcode.app/Contents/Developer/Platforms/MacOSX.platform/Developer/SDKs/MacOSX10.15.sdk/usr/include] ==> [/Applications/Xcode.app/Contents/Developer/Platforms/MacOSX.platform/Developer/SDKs/MacOSX10.15.sdk/usr/include]
  implicit include dirs: [/Users/gravescn/opt/anaconda3/lib/clang/4.0.1/include;/Applications/Xcode.app/Contents/Developer/Platforms/MacOSX.platform/Developer/SDKs/MacOSX10.15.sdk/usr/include]


Parsed C implicit link information from above output:
  link line regex: [^( *|.*[/\])(ld|CMAKE_LINK_STARTFILE-NOTFOUND|([^/\]+-)?ld|collect2)[^/\]*( |$)]
  ignore line: [Change Dir: /Users/gravescn/Desktop/GS/Coding Projects/VE482-Intro-to-Operating-Systems/project/p1/cmake-build-debug/CMakeFiles/CMakeTmp]
  ignore line: []
  ignore line: [Run Build Command(s):/Users/gravescn/opt/anaconda3/bin/make cmTC_3e43a/fast && /Users/gravescn/opt/anaconda3/bin/make  -f CMakeFiles/cmTC_3e43a.dir/build.make CMakeFiles/cmTC_3e43a.dir/build]
  ignore line: [make[1]: Entering directory '/Users/gravescn/Desktop/GS/Coding Projects/VE482-Intro-to-Operating-Systems/project/p1/cmake-build-debug/CMakeFiles/CMakeTmp']
  ignore line: [Building C object CMakeFiles/cmTC_3e43a.dir/CMakeCCompilerABI.c.o]
  ignore line: [/Users/gravescn/opt/anaconda3/bin/clang   -march=core2 -mtune=haswell -mssse3 -ftree-vectorize -fPIC -fPIE -fstack-protector-strong -O2 -pipe  -isysroot /Applications/Xcode.app/Contents/Developer/Platforms/MacOSX.platform/Developer/SDKs/MacOSX10.15.sdk   -v -Wl -v -o CMakeFiles/cmTC_3e43a.dir/CMakeCCompilerABI.c.o   -c /Applications/CLion.app/Contents/bin/cmake/mac/share/cmake-3.17/Modules/CMakeCCompilerABI.c]
  ignore line: [clang version 4.0.1 (tags/RELEASE_401/final)]
  ignore line: [Target: x86_64-apple-darwin20.1.0]
  ignore line: [Thread model: posix]
  ignore line: [InstalledDir: /Users/gravescn/opt/anaconda3/bin]
  ignore line: [clang-4.0: warning: -Wl -v: 'linker' input unused [-Wunused-command-line-argument]]
  ignore line: [ "/Users/gravescn/opt/anaconda3/bin/clang-4.0" -cc1 -triple x86_64-apple-macosx10.15.0 -Wdeprecated-objc-isa-usage -Werror=deprecated-objc-isa-usage -emit-obj -disable-free -disable-llvm-verifier -discard-value-names -main-file-name CMakeCCompilerABI.c -mrelocation-model pic -pic-level 2 -mthread-model posix -mdisable-fp-elim -masm-verbose -munwind-tables -target-cpu core2 -target-feature +ssse3 -target-linker-version 241.9 -v -dwarf-column-info -debugger-tuning=lldb -coverage-notes-file /Users/gravescn/Desktop/GS/Coding Projects/VE482-Intro-to-Operating-Systems/project/p1/cmake-build-debug/CMakeFiles/CMakeTmp/CMakeFiles/cmTC_3e43a.dir/CMakeCCompilerABI.c.gcno -resource-dir /Users/gravescn/opt/anaconda3/bin/../lib/clang/4.0.1 -isysroot /Applications/Xcode.app/Contents/Developer/Platforms/MacOSX.platform/Developer/SDKs/MacOSX10.15.sdk -O2 -fdebug-compilation-dir /Users/gravescn/Desktop/GS/Coding Projects/VE482-Intro-to-Operating-Systems/project/p1/cmake-build-debug/CMakeFiles/CMakeTmp -ferror-limit 19 -fmessage-length 0 -stack-protector 2 -fblocks -fobjc-runtime=macosx-10.15.0 -fencode-extended-block-signature -fmax-type-align=16 -fdiagnostics-show-option -vectorize-loops -vectorize-slp -o CMakeFiles/cmTC_3e43a.dir/CMakeCCompilerABI.c.o -x c /Applications/CLion.app/Contents/bin/cmake/mac/share/cmake-3.17/Modules/CMakeCCompilerABI.c]
  ignore line: [clang -cc1 version 4.0.1 based upon LLVM 4.0.1 default target x86_64-apple-darwin20.1.0]
  ignore line: [ignoring nonexistent directory "/Applications/Xcode.app/Contents/Developer/Platforms/MacOSX.platform/Developer/SDKs/MacOSX10.15.sdk/Library/Frameworks"]
  ignore line: [#include "..." search starts here:]
  ignore line: [#include <...> search starts here:]
  ignore line: [ /Users/gravescn/opt/anaconda3/bin/../lib/clang/4.0.1/include]
  ignore line: [ /Applications/Xcode.app/Contents/Developer/Platforms/MacOSX.platform/Developer/SDKs/MacOSX10.15.sdk/usr/include]
  ignore line: [ /Applications/Xcode.app/Contents/Developer/Platforms/MacOSX.platform/Developer/SDKs/MacOSX10.15.sdk/System/Library/Frameworks (framework directory)]
  ignore line: [End of search list.]
  ignore line: [Linking C executable cmTC_3e43a]
  ignore line: [/Applications/CLion.app/Contents/bin/cmake/mac/bin/cmake -E cmake_link_script CMakeFiles/cmTC_3e43a.dir/link.txt --verbose=1]
  ignore line: [/Users/gravescn/opt/anaconda3/bin/clang -march=core2 -mtune=haswell -mssse3 -ftree-vectorize -fPIC -fPIE -fstack-protector-strong -O2 -pipe  -isysroot /Applications/Xcode.app/Contents/Developer/Platforms/MacOSX.platform/Developer/SDKs/MacOSX10.15.sdk -Wl -search_paths_first -Wl -headerpad_max_install_names -Wl -pie -Wl -headerpad_max_install_names -Wl -dead_strip_dylibs -v -Wl -v CMakeFiles/cmTC_3e43a.dir/CMakeCCompilerABI.c.o  -o cmTC_3e43a ]
  ignore line: [clang version 4.0.1 (tags/RELEASE_401/final)]
  ignore line: [Target: x86_64-apple-darwin20.1.0]
  ignore line: [Thread model: posix]
  ignore line: [InstalledDir: /Users/gravescn/opt/anaconda3/bin]
  link line: [ "/usr/bin/ld" -demangle -lto_library /Users/gravescn/opt/anaconda3/lib/libLTO.dylib -dynamic -arch x86_64 -macosx_version_min 10.15.0 -pie -syslibroot /Applications/Xcode.app/Contents/Developer/Platforms/MacOSX.platform/Developer/SDKs/MacOSX.sdk -o cmTC_3e43a -search_paths_first -headerpad_max_install_names -pie -headerpad_max_install_names -dead_strip_dylibs -v CMakeFiles/cmTC_3e43a.dir/CMakeCCompilerABI.c.o -lSystem /Users/gravescn/opt/anaconda3/bin/../lib/clang/4.0.1/lib/darwin/libclang_rt.osx.a]
    arg [/usr/bin/ld] ==> ignore
    arg [-demangle] ==> ignore
    arg [-lto_library] ==> ignore, skip following value
    arg [/Users/gravescn/opt/anaconda3/lib/libLTO.dylib] ==> skip value of -lto_library
    arg [-dynamic] ==> ignore
    arg [-arch] ==> ignore
    arg [x86_64] ==> ignore
    arg [-macosx_version_min] ==> ignore
    arg [10.15.0] ==> ignore
    arg [-pie] ==> ignore
    arg [-syslibroot] ==> ignore
    arg [/Applications/Xcode.app/Contents/Developer/Platforms/MacOSX.platform/Developer/SDKs/MacOSX.sdk] ==> ignore
    arg [-o] ==> ignore
    arg [cmTC_3e43a] ==> ignore
    arg [-search_paths_first] ==> ignore
    arg [-headerpad_max_install_names] ==> ignore
    arg [-pie] ==> ignore
    arg [-headerpad_max_install_names] ==> ignore
    arg [-dead_strip_dylibs] ==> ignore
    arg [-v] ==> ignore
    arg [CMakeFiles/cmTC_3e43a.dir/CMakeCCompilerABI.c.o] ==> ignore
    arg [-lSystem] ==> lib [System]
    arg [/Users/gravescn/opt/anaconda3/bin/../lib/clang/4.0.1/lib/darwin/libclang_rt.osx.a] ==> lib [/Users/gravescn/opt/anaconda3/bin/../lib/clang/4.0.1/lib/darwin/libclang_rt.osx.a]
  Library search paths: [;/Applications/Xcode.app/Contents/Developer/Platforms/MacOSX.platform/Developer/SDKs/MacOSX.sdk/usr/lib]
  Framework search paths: [;/Applications/Xcode.app/Contents/Developer/Platforms/MacOSX.platform/Developer/SDKs/MacOSX.sdk/System/Library/Frameworks/]
  remove lib [System]
  remove lib [/Users/gravescn/opt/anaconda3/bin/../lib/clang/4.0.1/lib/darwin/libclang_rt.osx.a]
  collapse library dir [/Applications/Xcode.app/Contents/Developer/Platforms/MacOSX.platform/Developer/SDKs/MacOSX.sdk/usr/lib] ==> [/Applications/Xcode.app/Contents/Developer/Platforms/MacOSX.platform/Developer/SDKs/MacOSX.sdk/usr/lib]
  collapse framework dir [/Applications/Xcode.app/Contents/Developer/Platforms/MacOSX.platform/Developer/SDKs/MacOSX.sdk/System/Library/Frameworks/] ==> [/Applications/Xcode.app/Contents/Developer/Platforms/MacOSX.platform/Developer/SDKs/MacOSX.sdk/System/Library/Frameworks]
  implicit libs: []
  implicit dirs: [/Applications/Xcode.app/Contents/Developer/Platforms/MacOSX.platform/Developer/SDKs/MacOSX.sdk/usr/lib]
  implicit fwks: [/Applications/Xcode.app/Contents/Developer/Platforms/MacOSX.platform/Developer/SDKs/MacOSX.sdk/System/Library/Frameworks]


